<?xml version="1.0" encoding="UTF-8"?>
<testsuite xmlns:xsi="http://www.w3.org/2001/XMLSchema-instance" xsi:noNamespaceSchemaLocation="https://maven.apache.org/surefire/maven-surefire-plugin/xsd/surefire-test-report-3.0.xsd" version="3.0" name="com.inw.loans.LoansApplicationTests" time="11.553" tests="1" errors="0" skipped="0" failures="0">
  <properties>
[...]
</properties>
  <testcase name="contextLoads" classname="com.inw.loans.LoansApplicationTests" time="0.287">
    <system-out><![CDATA[15:41:46.131 [main] INFO org.springframework.test.context.support.AnnotationConfigContextLoaderUtils -- Could not detect default configuration classes for test class [com.inw.loans.LoansApplicationTests]: LoansApplicationTests does not declare any static, non-private, non-final, nested classes annotated with @Configuration.
15:41:46.307 [main] INFO org.springframework.boot.test.context.SpringBootTestContextBootstrapper -- Found @SpringBootConfiguration com.inw.loans.LoansApplication for test class com.inw.loans.LoansApplicationTests

  .   ____          _            __ _ _
 /\\ / ___'_ __ _ _(_)_ __  __ _ \ \ \ \
( ( )\___ | '_ | '_| | '_ \/ _` | \ \ \ \
 \\/  ___)| |_)| | | | | || (_| |  ) ) ) )
  '  |____| .__|_| |_|_| |_\__, | / / / /
 =========|_|==============|___/=/_/_/_/
 :: Spring Boot ::                (v3.1.1)

2023-06-28T15:41:49.913+05:30  INFO 9928 --- [           main] com.inw.loans.LoansApplicationTests      : Starting LoansApplicationTests using Java 20 with PID 9928 (started by Vinay Verma in D:\WebApp\banking-app\loans)
2023-06-28T15:41:49.915+05:30  INFO 9928 --- [           main] com.inw.loans.LoansApplicationTests      : The following 1 profile is active: "prod"
2023-06-28T15:41:49.961+05:30  INFO 9928 --- [           main] o.s.c.c.c.ConfigServerConfigDataLoader   : Fetching config from server at : http://localhost:8071/
2023-06-28T15:41:49.961+05:30  INFO 9928 --- [           main] o.s.c.c.c.ConfigServerConfigDataLoader   : Located environment: name=loans, profiles=[default], label=null, version=6f9000d93bd01b93c25ff0887b160de42aad56c5, state=null
2023-06-28T15:41:49.961+05:30  INFO 9928 --- [           main] o.s.c.c.c.ConfigServerConfigDataLoader   : Fetching config from server at : http://localhost:8071/
2023-06-28T15:41:49.961+05:30  INFO 9928 --- [           main] o.s.c.c.c.ConfigServerConfigDataLoader   : Located environment: name=loans, profiles=[prod], label=null, version=6f9000d93bd01b93c25ff0887b160de42aad56c5, state=null
2023-06-28T15:41:49.962+05:30  INFO 9928 --- [           main] o.s.c.c.c.ConfigServerConfigDataLoader   : Fetching config from server at : http://localhost:8071/
2023-06-28T15:41:49.962+05:30  INFO 9928 --- [           main] o.s.c.c.c.ConfigServerConfigDataLoader   : Located environment: name=loans, profiles=[default], label=null, version=6f9000d93bd01b93c25ff0887b160de42aad56c5, state=null
2023-06-28T15:41:50.755+05:30  INFO 9928 --- [           main] .s.d.r.c.RepositoryConfigurationDelegate : Bootstrapping Spring Data JPA repositories in DEFAULT mode.
2023-06-28T15:41:50.900+05:30  INFO 9928 --- [           main] .s.d.r.c.RepositoryConfigurationDelegate : Finished Spring Data repository scanning in 134 ms. Found 1 JPA repository interfaces.
2023-06-28T15:41:51.664+05:30  INFO 9928 --- [           main] o.s.cloud.context.scope.GenericScope     : BeanFactory id=62d919ee-67d2-309c-83c1-14b15915d5a5
2023-06-28T15:41:51.973+05:30  INFO 9928 --- [           main] com.zaxxer.hikari.HikariDataSource       : HikariPool-1 - Starting...
2023-06-28T15:41:52.288+05:30  INFO 9928 --- [           main] com.zaxxer.hikari.pool.HikariPool        : HikariPool-1 - Added connection conn0: url=jdbc:h2:mem:testdb user=SA
2023-06-28T15:41:52.290+05:30  INFO 9928 --- [           main] com.zaxxer.hikari.HikariDataSource       : HikariPool-1 - Start completed.
2023-06-28T15:41:52.470+05:30  INFO 9928 --- [           main] o.hibernate.jpa.internal.util.LogHelper  : HHH000204: Processing PersistenceUnitInfo [name: default]
2023-06-28T15:41:52.596+05:30  INFO 9928 --- [           main] org.hibernate.Version                    : HHH000412: Hibernate ORM core version 6.2.5.Final
2023-06-28T15:41:52.598+05:30  INFO 9928 --- [           main] org.hibernate.cfg.Environment            : HHH000406: Using bytecode reflection optimizer
2023-06-28T15:41:52.921+05:30  INFO 9928 --- [           main] o.h.b.i.BytecodeProviderInitiator        : HHH000021: Bytecode provider name : bytebuddy
2023-06-28T15:41:53.138+05:30  INFO 9928 --- [           main] o.s.o.j.p.SpringPersistenceUnitInfo      : No LoadTimeWeaver setup: ignoring JPA class transformer
2023-06-28T15:41:53.514+05:30  INFO 9928 --- [           main] o.h.b.i.BytecodeProviderInitiator        : HHH000021: Bytecode provider name : bytebuddy
2023-06-28T15:41:54.433+05:30  INFO 9928 --- [           main] o.h.e.t.j.p.i.JtaPlatformInitiator       : HHH000490: Using JtaPlatform implementation: [org.hibernate.engine.transaction.jta.platform.internal.NoJtaPlatform]
Hibernate: alter table if exists loans alter column create_dt set data type varchar(255)
Hibernate: alter table if exists loans alter column loan_type set data type varchar(255)
Hibernate: create sequence loans_seq start with 1 increment by 50
2023-06-28T15:41:54.481+05:30  INFO 9928 --- [           main] j.LocalContainerEntityManagerFactoryBean : Initialized JPA EntityManagerFactory for persistence unit 'default'
2023-06-28T15:41:55.141+05:30  WARN 9928 --- [           main] JpaBaseConfiguration$JpaWebConfiguration : spring.jpa.open-in-view is enabled by default. Therefore, database queries may be performed during view rendering. Explicitly configure spring.jpa.open-in-view to disable this warning
2023-06-28T15:41:56.104+05:30  INFO 9928 --- [           main] o.s.b.a.h2.H2ConsoleAutoConfiguration    : H2 console available at '/h2-console'. Database available at 'jdbc:h2:mem:testdb'
2023-06-28T15:41:56.242+05:30  INFO 9928 --- [           main] DiscoveryClientOptionalArgsConfiguration : Eureka HTTP Client uses RestTemplate.
2023-06-28T15:41:56.301+05:30  WARN 9928 --- [           main] iguration$LoadBalancerCaffeineWarnLogger : Spring Cloud LoadBalancer is currently working with the default cache. While this cache implementation is useful for development and tests, it's recommended to use Caffeine cache in production.You can switch to using Caffeine cache, by adding it and org.springframework.cache.caffeine.CaffeineCacheManager to the classpath.
2023-06-28T15:41:56.313+05:30  INFO 9928 --- [           main] o.s.b.a.e.web.EndpointLinksResolver      : Exposing 17 endpoint(s) beneath base path '/actuator'
2023-06-28T15:41:56.422+05:30  INFO 9928 --- [           main] o.s.c.n.eureka.InstanceInfoFactory       : Setting initial instance status as: STARTING
2023-06-28T15:41:56.589+05:30  INFO 9928 --- [           main] com.netflix.discovery.DiscoveryClient    : Initializing Eureka in region us-east-1
2023-06-28T15:41:56.595+05:30  INFO 9928 --- [           main] c.n.d.s.r.aws.ConfigClusterResolver      : Resolving eureka endpoints via configuration
2023-06-28T15:41:56.643+05:30  INFO 9928 --- [           main] com.netflix.discovery.DiscoveryClient    : Disable delta property : false
2023-06-28T15:41:56.643+05:30  INFO 9928 --- [           main] com.netflix.discovery.DiscoveryClient    : Single vip registry refresh property : null
2023-06-28T15:41:56.643+05:30  INFO 9928 --- [           main] com.netflix.discovery.DiscoveryClient    : Force full registry fetch : false
2023-06-28T15:41:56.643+05:30  INFO 9928 --- [           main] com.netflix.discovery.DiscoveryClient    : Application is null : false
2023-06-28T15:41:56.643+05:30  INFO 9928 --- [           main] com.netflix.discovery.DiscoveryClient    : Registered Applications size is zero : true
2023-06-28T15:41:56.643+05:30  INFO 9928 --- [           main] com.netflix.discovery.DiscoveryClient    : Application version is -1: true
2023-06-28T15:41:56.643+05:30  INFO 9928 --- [           main] com.netflix.discovery.DiscoveryClient    : Getting all instance registry info from the eureka server
2023-06-28T15:41:57.066+05:30  INFO 9928 --- [           main] com.netflix.discovery.DiscoveryClient    : The response status is 200
2023-06-28T15:41:57.070+05:30  INFO 9928 --- [           main] com.netflix.discovery.DiscoveryClient    : Starting heartbeat executor: renew interval is: 30
2023-06-28T15:41:57.073+05:30  INFO 9928 --- [           main] c.n.discovery.InstanceInfoReplicator     : InstanceInfoReplicator onDemand update allowed rate per min is 4
2023-06-28T15:41:57.079+05:30  INFO 9928 --- [           main] com.netflix.discovery.DiscoveryClient    : Discovery Client initialized at timestamp 1687947117078 with initial instances count: 2
2023-06-28T15:41:57.082+05:30  INFO 9928 --- [           main] o.s.c.n.e.s.EurekaServiceRegistry        : Registering application LOANS with eureka with status UP
2023-06-28T15:41:57.083+05:30  INFO 9928 --- [           main] com.netflix.discovery.DiscoveryClient    : Saw local status change event StatusChangeEvent [timestamp=1687947117083, current=UP, previous=STARTING]
2023-06-28T15:41:57.086+05:30  INFO 9928 --- [nfoReplicator-0] com.netflix.discovery.DiscoveryClient    : DiscoveryClient_LOANS/JaiMatadi:loans:8090: registering service...
2023-06-28T15:41:57.113+05:30  INFO 9928 --- [           main] com.inw.loans.LoansApplicationTests      : Started LoansApplicationTests in 10.597 seconds (process running for 12.079)
2023-06-28T15:41:57.144+05:30  INFO 9928 --- [nfoReplicator-0] com.netflix.discovery.DiscoveryClient    : DiscoveryClient_LOANS/JaiMatadi:loans:8090 - registration status: 204
]]></system-out>
  </testcase>
</testsuite>