<?xml version="1.0" encoding="UTF-8"?>
<testsuite xmlns:xsi="http://www.w3.org/2001/XMLSchema-instance" xsi:noNamespaceSchemaLocation="https://maven.apache.org/surefire/maven-surefire-plugin/xsd/surefire-test-report-3.0.xsd" version="3.0" name="com.inw.gatewayserver.GatewayserverApplicationTests" time="10.017" tests="1" errors="0" skipped="0" failures="0">
  <properties>
[...]
</properties>
  <testcase name="contextLoads" classname="com.inw.gatewayserver.GatewayserverApplicationTests" time="0.543">
    <system-out><![CDATA[14:49:44.793 [main] INFO org.springframework.test.context.support.AnnotationConfigContextLoaderUtils -- Could not detect default configuration classes for test class [com.inw.gatewayserver.GatewayserverApplicationTests]: GatewayserverApplicationTests does not declare any static, non-private, non-final, nested classes annotated with @Configuration.
14:49:44.965 [main] INFO org.springframework.boot.test.context.SpringBootTestContextBootstrapper -- Found @SpringBootConfiguration com.inw.gatewayserver.GatewayserverApplication for test class com.inw.gatewayserver.GatewayserverApplicationTests

  .   ____          _            __ _ _
 /\\ / ___'_ __ _ _(_)_ __  __ _ \ \ \ \
( ( )\___ | '_ | '_| | '_ \/ _` | \ \ \ \
 \\/  ___)| |_)| | | | | || (_| |  ) ) ) )
  '  |____| .__|_| |_|_| |_\__, | / / / /
 =========|_|==============|___/=/_/_/_/
 :: Spring Boot ::                (v3.1.1)

2023-06-29T14:49:48.729+05:30  INFO 10656 --- [           main] c.i.g.GatewayserverApplicationTests      : Starting GatewayserverApplicationTests using Java 20 with PID 10656 (started by Vinay Verma in D:\WebApp\banking-app\gatewayserver)
2023-06-29T14:49:48.730+05:30 DEBUG 10656 --- [           main] c.i.g.GatewayserverApplicationTests      : Running with Spring Boot v3.1.1, Spring v6.0.10
2023-06-29T14:49:48.731+05:30  INFO 10656 --- [           main] c.i.g.GatewayserverApplicationTests      : No active profile set, falling back to 1 default profile: "default"
2023-06-29T14:49:48.799+05:30  INFO 10656 --- [           main] o.s.c.c.c.ConfigServerConfigDataLoader   : Fetching config from server at : http://localhost:8071
2023-06-29T14:49:48.799+05:30  INFO 10656 --- [           main] o.s.c.c.c.ConfigServerConfigDataLoader   : Located environment: name=gatewayserver, profiles=[default], label=null, version=b694fafc5c382c93e7abb0d35d2125ac073603ea, state=null
2023-06-29T14:49:48.799+05:30  INFO 10656 --- [           main] o.s.c.c.c.ConfigServerConfigDataLoader   : Fetching config from server at : http://localhost:8071
2023-06-29T14:49:48.800+05:30  INFO 10656 --- [           main] o.s.c.c.c.ConfigServerConfigDataLoader   : Located environment: name=gatewayserver, profiles=[default], label=null, version=b694fafc5c382c93e7abb0d35d2125ac073603ea, state=null
2023-06-29T14:49:48.800+05:30  INFO 10656 --- [           main] o.s.c.c.c.ConfigServerConfigDataLoader   : Fetching config from server at : http://localhost:8071
2023-06-29T14:49:48.800+05:30  INFO 10656 --- [           main] o.s.c.c.c.ConfigServerConfigDataLoader   : Located environment: name=gatewayserver, profiles=[default], label=null, version=b694fafc5c382c93e7abb0d35d2125ac073603ea, state=null
2023-06-29T14:49:50.452+05:30  INFO 10656 --- [           main] o.s.cloud.context.scope.GenericScope     : BeanFactory id=8c5732bd-a9c9-320f-990b-ffd910911b22
2023-06-29T14:49:50.601+05:30  INFO 10656 --- [           main] trationDelegate$BeanPostProcessorChecker : Bean 'org.springframework.cloud.client.loadbalancer.reactive.LoadBalancerBeanPostProcessorAutoConfiguration' of type [org.springframework.cloud.client.loadbalancer.reactive.LoadBalancerBeanPostProcessorAutoConfiguration] is not eligible for getting processed by all BeanPostProcessors (for example: not eligible for auto-proxying)
2023-06-29T14:49:50.603+05:30  INFO 10656 --- [           main] trationDelegate$BeanPostProcessorChecker : Bean 'org.springframework.cloud.client.loadbalancer.reactive.LoadBalancerBeanPostProcessorAutoConfiguration$ReactorDeferringLoadBalancerFilterConfig' of type [org.springframework.cloud.client.loadbalancer.reactive.LoadBalancerBeanPostProcessorAutoConfiguration$ReactorDeferringLoadBalancerFilterConfig] is not eligible for getting processed by all BeanPostProcessors (for example: not eligible for auto-proxying)
2023-06-29T14:49:50.604+05:30  INFO 10656 --- [           main] trationDelegate$BeanPostProcessorChecker : Bean 'reactorDeferringLoadBalancerExchangeFilterFunction' of type [org.springframework.cloud.client.loadbalancer.reactive.DeferringLoadBalancerExchangeFilterFunction] is not eligible for getting processed by all BeanPostProcessors (for example: not eligible for auto-proxying)
2023-06-29T14:49:52.184+05:30  INFO 10656 --- [           main] o.s.c.g.r.RouteDefinitionRouteLocator    : Loaded RoutePredicateFactory [After]
2023-06-29T14:49:52.184+05:30  INFO 10656 --- [           main] o.s.c.g.r.RouteDefinitionRouteLocator    : Loaded RoutePredicateFactory [Before]
2023-06-29T14:49:52.184+05:30  INFO 10656 --- [           main] o.s.c.g.r.RouteDefinitionRouteLocator    : Loaded RoutePredicateFactory [Between]
2023-06-29T14:49:52.184+05:30  INFO 10656 --- [           main] o.s.c.g.r.RouteDefinitionRouteLocator    : Loaded RoutePredicateFactory [Cookie]
2023-06-29T14:49:52.185+05:30  INFO 10656 --- [           main] o.s.c.g.r.RouteDefinitionRouteLocator    : Loaded RoutePredicateFactory [Header]
2023-06-29T14:49:52.185+05:30  INFO 10656 --- [           main] o.s.c.g.r.RouteDefinitionRouteLocator    : Loaded RoutePredicateFactory [Host]
2023-06-29T14:49:52.185+05:30  INFO 10656 --- [           main] o.s.c.g.r.RouteDefinitionRouteLocator    : Loaded RoutePredicateFactory [Method]
2023-06-29T14:49:52.185+05:30  INFO 10656 --- [           main] o.s.c.g.r.RouteDefinitionRouteLocator    : Loaded RoutePredicateFactory [Path]
2023-06-29T14:49:52.185+05:30  INFO 10656 --- [           main] o.s.c.g.r.RouteDefinitionRouteLocator    : Loaded RoutePredicateFactory [Query]
2023-06-29T14:49:52.185+05:30  INFO 10656 --- [           main] o.s.c.g.r.RouteDefinitionRouteLocator    : Loaded RoutePredicateFactory [ReadBody]
2023-06-29T14:49:52.185+05:30  INFO 10656 --- [           main] o.s.c.g.r.RouteDefinitionRouteLocator    : Loaded RoutePredicateFactory [RemoteAddr]
2023-06-29T14:49:52.185+05:30  INFO 10656 --- [           main] o.s.c.g.r.RouteDefinitionRouteLocator    : Loaded RoutePredicateFactory [XForwardedRemoteAddr]
2023-06-29T14:49:52.185+05:30  INFO 10656 --- [           main] o.s.c.g.r.RouteDefinitionRouteLocator    : Loaded RoutePredicateFactory [Weight]
2023-06-29T14:49:52.185+05:30  INFO 10656 --- [           main] o.s.c.g.r.RouteDefinitionRouteLocator    : Loaded RoutePredicateFactory [CloudFoundryRouteService]
2023-06-29T14:49:52.721+05:30  INFO 10656 --- [           main] o.s.b.a.e.web.EndpointLinksResolver      : Exposing 17 endpoint(s) beneath base path '/actuator'
2023-06-29T14:49:53.037+05:30  INFO 10656 --- [           main] DiscoveryClientOptionalArgsConfiguration : Eureka HTTP Client uses RestTemplate.
2023-06-29T14:49:53.082+05:30  WARN 10656 --- [           main] iguration$LoadBalancerCaffeineWarnLogger : Spring Cloud LoadBalancer is currently working with the default cache. While this cache implementation is useful for development and tests, it's recommended to use Caffeine cache in production.You can switch to using Caffeine cache, by adding it and org.springframework.cache.caffeine.CaffeineCacheManager to the classpath.
2023-06-29T14:49:53.160+05:30  INFO 10656 --- [           main] o.s.c.n.eureka.InstanceInfoFactory       : Setting initial instance status as: STARTING
2023-06-29T14:49:53.317+05:30  INFO 10656 --- [           main] com.netflix.discovery.DiscoveryClient    : Initializing Eureka in region us-east-1
2023-06-29T14:49:53.328+05:30  INFO 10656 --- [           main] c.n.d.s.r.aws.ConfigClusterResolver      : Resolving eureka endpoints via configuration
2023-06-29T14:49:53.376+05:30  INFO 10656 --- [           main] com.netflix.discovery.DiscoveryClient    : Disable delta property : false
2023-06-29T14:49:53.376+05:30  INFO 10656 --- [           main] com.netflix.discovery.DiscoveryClient    : Single vip registry refresh property : null
2023-06-29T14:49:53.376+05:30  INFO 10656 --- [           main] com.netflix.discovery.DiscoveryClient    : Force full registry fetch : false
2023-06-29T14:49:53.376+05:30  INFO 10656 --- [           main] com.netflix.discovery.DiscoveryClient    : Application is null : false
2023-06-29T14:49:53.376+05:30  INFO 10656 --- [           main] com.netflix.discovery.DiscoveryClient    : Registered Applications size is zero : true
2023-06-29T14:49:53.376+05:30  INFO 10656 --- [           main] com.netflix.discovery.DiscoveryClient    : Application version is -1: true
2023-06-29T14:49:53.377+05:30  INFO 10656 --- [           main] com.netflix.discovery.DiscoveryClient    : Getting all instance registry info from the eureka server
2023-06-29T14:49:53.805+05:30  INFO 10656 --- [           main] com.netflix.discovery.DiscoveryClient    : The response status is 200
2023-06-29T14:49:53.808+05:30  INFO 10656 --- [           main] com.netflix.discovery.DiscoveryClient    : Starting heartbeat executor: renew interval is: 30
2023-06-29T14:49:53.811+05:30  INFO 10656 --- [           main] c.n.discovery.InstanceInfoReplicator     : InstanceInfoReplicator onDemand update allowed rate per min is 4
2023-06-29T14:49:53.818+05:30  INFO 10656 --- [           main] com.netflix.discovery.DiscoveryClient    : Discovery Client initialized at timestamp 1688030393816 with initial instances count: 1
2023-06-29T14:49:53.825+05:30  INFO 10656 --- [           main] o.s.c.n.e.s.EurekaServiceRegistry        : Registering application GATEWAYSERVER with eureka with status UP
2023-06-29T14:49:53.826+05:30  INFO 10656 --- [           main] com.netflix.discovery.DiscoveryClient    : Saw local status change event StatusChangeEvent [timestamp=1688030393826, current=UP, previous=STARTING]
2023-06-29T14:49:53.828+05:30  INFO 10656 --- [nfoReplicator-0] com.netflix.discovery.DiscoveryClient    : DiscoveryClient_GATEWAYSERVER/JaiMatadi:gatewayserver:8072: registering service...
2023-06-29T14:49:53.901+05:30  INFO 10656 --- [nfoReplicator-0] com.netflix.discovery.DiscoveryClient    : DiscoveryClient_GATEWAYSERVER/JaiMatadi:gatewayserver:8072 - registration status: 204
2023-06-29T14:49:53.989+05:30  INFO 10656 --- [           main] c.i.g.GatewayserverApplicationTests      : Started GatewayserverApplicationTests in 8.819 seconds (process running for 10.319)
]]></system-out>
  </testcase>
</testsuite>