<?xml version="1.0" encoding="UTF-8"?>
<testsuite xmlns:xsi="http://www.w3.org/2001/XMLSchema-instance" xsi:noNamespaceSchemaLocation="https://maven.apache.org/surefire/maven-surefire-plugin/xsd/surefire-test-report-3.0.xsd" version="3.0" name="com.inw.configserver.ConfigserverApplicationTests" time="10.537" tests="1" errors="0" skipped="0" failures="0">
  <properties>
[...]
</properties>
  <testcase name="contextLoads" classname="com.inw.configserver.ConfigserverApplicationTests" time="0.63">
    <system-out><![CDATA[10:23:13.577 [main] INFO org.springframework.test.context.support.AnnotationConfigContextLoaderUtils -- Could not detect default configuration classes for test class [com.inw.configserver.ConfigserverApplicationTests]: ConfigserverApplicationTests does not declare any static, non-private, non-final, nested classes annotated with @Configuration.
10:23:13.719 [main] INFO org.springframework.boot.test.context.SpringBootTestContextBootstrapper -- Found @SpringBootConfiguration com.inw.configserver.ConfigserverApplication for test class com.inw.configserver.ConfigserverApplicationTests

  .   ____          _            __ _ _
 /\\ / ___'_ __ _ _(_)_ __  __ _ \ \ \ \
( ( )\___ | '_ | '_| | '_ \/ _` | \ \ \ \
 \\/  ___)| |_)| | | | | || (_| |  ) ) ) )
  '  |____| .__|_| |_|_| |_\__, | / / / /
 =========|_|==============|___/=/_/_/_/
 :: Spring Boot ::                (v3.1.1)

2023-06-28T10:23:14.768+05:30  INFO 7928 --- [           main] c.i.c.ConfigserverApplicationTests       : Starting ConfigserverApplicationTests using Java 17.0.6 with PID 7928 (started by Vinay Verma in D:\WebApp\banking-app\configserver)
2023-06-28T10:23:14.770+05:30  INFO 7928 --- [           main] c.i.c.ConfigserverApplicationTests       : The following 1 profile is active: "git"
2023-06-28T10:23:16.125+05:30  INFO 7928 --- [           main] o.s.cloud.context.scope.GenericScope     : BeanFactory id=36b20195-d252-3f0b-88c5-b79f94bbc29c
2023-06-28T10:23:23.070+05:30  INFO 7928 --- [           main] o.s.b.a.e.web.EndpointLinksResolver      : Exposing 1 endpoint(s) beneath base path '/actuator'
2023-06-28T10:23:23.164+05:30  INFO 7928 --- [           main] c.i.c.ConfigserverApplicationTests       : Started ConfigserverApplicationTests in 9.23 seconds (process running for 10.524)
]]></system-out>
  </testcase>
</testsuite>